[Info  - 10:14:11 PM] [language-server] Registering module | module: "auto-fix"
[Info  - 10:14:11 PM] [language-server] Module registered | module: "auto-fix"
[Info  - 10:14:11 PM] [language-server] Registering module | module: "code-action"
[Info  - 10:14:11 PM] [language-server] Module registered | module: "code-action"
[Info  - 10:14:11 PM] [language-server] Registering module | module: "completion"
[Info  - 10:14:11 PM] [language-server] Module registered | module: "completion"
[Info  - 10:14:12 PM] [language-server] Registering module | module: "formatter"
[Info  - 10:14:12 PM] [language-server] Module registered | module: "formatter"
[Info  - 10:14:12 PM] [language-server] Registering module | module: "old-stylelint-warning"
[Info  - 10:14:12 PM] [language-server] Module registered | module: "old-stylelint-warning"
[Info  - 10:14:12 PM] [language-server] Registering module | module: "validator"
[Info  - 10:14:12 PM] [language-server] Module registered | module: "validator"
[Info  - 10:14:12 PM] [language-server] Starting language server
[Info  - 10:14:12 PM] [language-server] Registering handlers
[Info  - 10:14:12 PM] [language-server] Handlers registered
[Info  - 10:14:12 PM] [language-server] Language server started
[Warn  - 10:14:12 PM] [language-server] Could not load Stylelint from node_modules | error: {"name":"Error","message":"Failed to resolve module: stylelint","stack":"Error: Failed to resolve module: stylelint\n    at ChildProcess.<anonymous> (/home/max/.vscode-oss/extensions/stylelint.vscode-stylelint-1.5.0-universal/dist/start-server.js:35:80651)\n    at ChildProcess.emit (node:events:524:28)\n    at emit (node:internal/child_process:950:14)\n    at process.processTicksAndRejections (node:internal/process/task_queues:83:21)"}
[Warn  - 10:14:12 PM] [language-server] Failed to load Stylelint either globally or from the current workspace.
[Warn  - 10:14:12 PM] [language-server] Failed to resolve Stylelint | uri: "file:///home/max/.config/eww/eww.yuck"
[Info  - 11:31:02 PM] [language-server] Stopping language server
