2025-06-03 00:53:34.226 [info] Reading sessions from keychain...
2025-06-03 00:53:34.226 [info] Getting sessions for all scopes...
2025-06-03 00:53:34.226 [info] Getting sessions for all scopes...
2025-06-03 00:53:34.226 [info] Got 0 sessions for ...
2025-06-03 00:53:34.226 [info] Got 0 sessions for ...
2025-06-03 00:53:34.226 [info] Getting sessions for read:user,repo,user:email,workflow...
2025-06-03 00:53:34.226 [info] Got 0 sessions for read:user,repo,user:email,workflow...
2025-06-03 00:53:34.764 [info] Getting sessions for all scopes...
2025-06-03 00:53:34.764 [info] Got 0 sessions for ...
2025-06-03 00:54:58.587 [info] Reading sessions from keychain...
2025-06-03 00:54:58.587 [info] Getting sessions for all scopes...
2025-06-03 00:54:58.587 [info] Getting sessions for all scopes...
2025-06-03 00:54:58.587 [info] Got 0 sessions for ...
2025-06-03 00:54:58.587 [info] Got 0 sessions for ...
2025-06-03 00:54:58.587 [info] Getting sessions for read:user,repo,user:email,workflow...
2025-06-03 00:54:58.587 [info] Got 0 sessions for read:user,repo,user:email,workflow...
2025-06-03 00:54:58.978 [info] Getting sessions for read:user,repo,user:email,workflow...
2025-06-03 00:54:58.978 [info] Got 0 sessions for read:user,repo,user:email,workflow...
2025-06-03 00:54:59.542 [info] Getting sessions for all scopes...
2025-06-03 00:54:59.542 [info] Got 0 sessions for ...
