[Info  - 6:50:33 PM] [language-server] Registering module | module: "auto-fix"
[Info  - 6:50:33 PM] [language-server] Module registered | module: "auto-fix"
[Info  - 6:50:33 PM] [language-server] Registering module | module: "code-action"
[Info  - 6:50:33 PM] [language-server] Module registered | module: "code-action"
[Info  - 6:50:33 PM] [language-server] Registering module | module: "completion"
[Info  - 6:50:33 PM] [language-server] Module registered | module: "completion"
[Info  - 6:50:33 PM] [language-server] Registering module | module: "formatter"
[Info  - 6:50:33 PM] [language-server] Module registered | module: "formatter"
[Info  - 6:50:33 PM] [language-server] Registering module | module: "old-stylelint-warning"
[Info  - 6:50:33 PM] [language-server] Module registered | module: "old-stylelint-warning"
[Info  - 6:50:33 PM] [language-server] Registering module | module: "validator"
[Info  - 6:50:33 PM] [language-server] Module registered | module: "validator"
[Info  - 6:50:33 PM] [language-server] Starting language server
[Info  - 6:50:33 PM] [language-server] Registering handlers
[Info  - 6:50:33 PM] [language-server] Handlers registered
[Info  - 6:50:33 PM] [language-server] Language server started
[Warn  - 6:50:35 PM] [language-server] Could not load Stylelint from node_modules | error: {"name":"Error","message":"Failed to resolve module: stylelint","stack":"Error: Failed to resolve module: stylelint\n    at ChildProcess.<anonymous> (/home/max/.vscode-oss/extensions/stylelint.vscode-stylelint-1.5.0-universal/dist/start-server.js:35:80651)\n    at ChildProcess.emit (node:events:524:28)\n    at emit (node:internal/child_process:950:14)\n    at process.processTicksAndRejections (node:internal/process/task_queues:83:21)"}
[Warn  - 6:50:35 PM] [language-server] Failed to load Stylelint either globally or from the current workspace.
[Warn  - 6:50:35 PM] [language-server] Failed to resolve Stylelint | uri: "file:///home/max/.local/share/osu/logs/1748573798.runtime.log"
[Info  - 6:50:35 PM] [language-server] Stopping language server
