2025-06-02 22:28:56.120 [info] [main] Log level: Info
2025-06-02 22:28:56.120 [info] [main] Validating found git in: "git"
2025-06-02 22:28:56.120 [info] [main] Using git "2.49.0" from "git"
2025-06-02 22:28:56.120 [info] [Model][doInitialScan] Initial repository scan started
2025-06-02 22:28:56.120 [info] > git rev-parse --show-toplevel [7ms]
2025-06-02 22:28:56.120 [info] fatal: not a git repository (or any parent up to mount point /)
Stopping at filesystem boundary (GIT_DISCOVERY_ACROSS_FILESYSTEM not set).
2025-06-02 22:28:56.120 [info] > git rev-parse --show-toplevel [3ms]
2025-06-02 22:28:56.120 [info] fatal: not a git repository (or any parent up to mount point /)
Stopping at filesystem boundary (GIT_DISCOVERY_ACROSS_FILESYSTEM not set).
2025-06-02 22:28:56.121 [info] > git rev-parse --show-toplevel [1ms]
2025-06-02 22:28:56.121 [info] fatal: not a git repository (or any parent up to mount point /)
Stopping at filesystem boundary (GIT_DISCOVERY_ACROSS_FILESYSTEM not set).
2025-06-02 22:28:56.137 [info] > git rev-parse --show-toplevel [11ms]
2025-06-02 22:28:56.142 [info] > git rev-parse --git-dir --git-common-dir [1ms]
2025-06-02 22:28:56.151 [info] [Model][openRepository] Opened repository (path): /home/max/Pictures/aesthetic-wallpapers
2025-06-02 22:28:56.151 [info] [Model][openRepository] Opened repository (real path): /home/max/Pictures/aesthetic-wallpapers
2025-06-02 22:28:56.152 [info] [Model][doInitialScan] Initial repository scan completed - repositories (1), closed repositories (0), parent repositories (0), unsafe repositories (0)
2025-06-02 22:28:56.158 [info] > git config --get commit.template [2ms]
2025-06-02 22:28:56.207 [info] > git for-each-ref --format=%(refname)%00%(upstream:short)%00%(objectname)%00%(upstream:track)%00%(upstream:remotename)%00%(upstream:remoteref) refs/heads/main refs/remotes/main [45ms]
2025-06-02 22:28:56.210 [warning] [Git][revParse] Unable to read file: ENOENT: no such file or directory, open '/home/max/Pictures/aesthetic-wallpapers/.git/refs/remotes/origin/main'
2025-06-02 22:28:56.211 [info] > git rev-parse refs/remotes/origin/main [1ms]
2025-06-02 22:28:56.227 [info] > git for-each-ref --sort -committerdate --format %(refname)%00%(objectname)%00%(*objectname) [9ms]
2025-06-02 22:28:56.679 [info] > git check-ignore -v -z --stdin [0ms]
