2025-06-02 22:28:54.207 [info] Extension host with pid 38619 started
2025-06-02 22:28:54.207 [info] Skipping acquiring lock for /home/max/.config/VSCodium/User/workspaceStorage/30626f172a385cbb6260d9b3bb5c829a.
2025-06-02 22:28:54.288 [info] ExtensionService#_doActivateExtension vscode.configuration-editing, startup: false, activationEvent: 'onLanguage:jsonc'
2025-06-02 22:28:54.301 [info] ExtensionService#_doActivateExtension vscode.json-language-features, startup: false, activationEvent: 'onLanguage:jsonc'
2025-06-02 22:28:54.354 [info] ExtensionService#_doActivateExtension vscode.typescript-language-features, startup: false, activationEvent: 'onLanguage:jsonc'
2025-06-02 22:28:54.401 [info] ExtensionService#_doActivateExtension vscode.emmet, startup: false, activationEvent: 'onLanguage'
2025-06-02 22:28:54.600 [info] ExtensionService#_doActivateExtension vscode.git-base, startup: true, activationEvent: '*'
2025-06-02 22:28:54.603 [info] ExtensionService#_doActivateExtension vscode.github, startup: true, activationEvent: '*'
2025-06-02 22:28:54.625 [info] Eager extensions activated
2025-06-02 22:28:54.626 [info] ExtensionService#_doActivateExtension vscode.debug-auto-launch, startup: false, activationEvent: 'onStartupFinished'
2025-06-02 22:28:54.628 [info] ExtensionService#_doActivateExtension vscode.merge-conflict, startup: false, activationEvent: 'onStartupFinished'
2025-06-02 22:28:54.643 [info] ExtensionService#_doActivateExtension naumovs.color-highlight, startup: false, activationEvent: 'onStartupFinished'
2025-06-02 22:28:54.653 [info] ExtensionService#_doActivateExtension zhuangtongfa.material-theme, startup: false, activationEvent: 'onStartupFinished'
2025-06-02 22:28:55.814 [info] ExtensionService#_doActivateExtension vscode.git, startup: false, activationEvent: 'api', root cause: vscode.github
2025-06-02 22:28:55.860 [info] ExtensionService#_doActivateExtension Gruntfuggly.todo-tree, startup: false, activationEvent: 'onStartupFinished'
2025-06-02 22:28:55.890 [info] ExtensionService#_doActivateExtension imgildev.vscode-code-mark-plus, startup: false, activationEvent: 'onStartupFinished'
2025-06-02 22:28:55.959 [info] ExtensionService#_doActivateExtension stylelint.vscode-stylelint, startup: false, activationEvent: 'onStartupFinished'
2025-06-02 22:28:57.651 [info] Extension host terminating: renderer closed the MessagePort
2025-06-02 22:28:57.658 [error] An error occurred when disposing the subscriptions for extension 'Gruntfuggly.todo-tree':
2025-06-02 22:28:57.660 [error] AggregateError: Encountered errors while disposing of store
	at Si (file:///opt/vscodium-bin/resources/app/out/vs/workbench/api/node/extensionHostProcess.js:25:822)
	at file:///opt/vscodium-bin/resources/app/out/vs/workbench/api/node/extensionHostProcess.js:123:18462
	at file:///opt/vscodium-bin/resources/app/out/vs/workbench/api/node/extensionHostProcess.js:25:1056
	at Object.dispose (file:///opt/vscodium-bin/resources/app/out/vs/workbench/api/node/extensionHostProcess.js:8:705)
	at PQ._deactivate (file:///opt/vscodium-bin/resources/app/out/vs/workbench/api/node/extensionHostProcess.js:123:14727)
	at file:///opt/vscodium-bin/resources/app/out/vs/workbench/api/node/extensionHostProcess.js:123:12013
	at Array.map (<anonymous>)
	at PQ._deactivateAll (file:///opt/vscodium-bin/resources/app/out/vs/workbench/api/node/extensionHostProcess.js:123:12001)
	at PQ.terminate (file:///opt/vscodium-bin/resources/app/out/vs/workbench/api/node/extensionHostProcess.js:123:12354)
	at v8.terminate (file:///opt/vscodium-bin/resources/app/out/vs/workbench/api/node/extensionHostProcess.js:124:1602)
	at ds (file:///opt/vscodium-bin/resources/app/out/vs/workbench/api/node/extensionHostProcess.js:225:5829)
	at MessagePortMain.<anonymous> (file:///opt/vscodium-bin/resources/app/out/vs/workbench/api/node/extensionHostProcess.js:225:2284)
	at MessagePortMain.emit (node:events:524:28)
	at MessagePortMain._internalPort.emit (node:electron/js2c/utility_init:2:2949)
2025-06-02 22:28:57.665 [info] Extension host with pid 38619 exiting with code 0
